<?xml version="1.0" encoding="UTF-8"?>
<!-- Generated by org.testng.reporters.JUnitReportReporter -->
<testsuite skipped="0" hostname="Kranthi-Z580" name="MavenExecution.Readdatafromcmd" tests="1" failures="0" timestamp="2022-04-26T12:57:29 IST" time="0.041" errors="0">
  <testcase name="readdatafromcmd" time="0.041" classname="MavenExecution.Readdatafromcmd"/>
  <system-out/>
</testsuite> <!-- MavenExecution.Readdatafromcmd -->
